<?xml version="1.0" encoding="UTF-8"?>
<!-- Generated by org.testng.reporters.JUnitXMLReporter -->
<testsuite ignored="0" hostname="Sagar" failures="0" tests="8" name="Test" time="4.61" errors="0" timestamp="2021-07-01T14:24:06 IST">
  <testcase classname="com.rest.training.GetRequest" name="test_get1" time="2.349"/>
  <testcase classname="com.rest.training.GetRequest" name="test_get2" time="0.142"/>
  <testcase classname="com.rest.training.GetRequest" name="test_get3" time="0.187"/>
  <testcase classname="com.rest.training.GetRequest" name="test_get4" time="0.935"/>
  <testcase classname="com.rest.training.PostRequest" name="test_post1" time="0.006"/>
  <testcase classname="com.rest.training.PostRequest" name="test_post2" time="0.01"/>
  <testcase classname="com.rest.training.PostRequest" name="test_post3" time="0.499"/>
  <testcase classname="com.rest.training.PostRequest" name="test_post4" time="0.394"/>
</testsuite> <!-- Test -->
